f:\documents\visual studio 2017\projects\acm\clrbackend\x64\debug\vc141.pdb
f:\documents\visual studio 2017\projects\acm\clrbackend\x64\debug\backend.obj
f:\documents\visual studio 2017\projects\acm\clrbackend\x64\debug\.netframework,version=v4.0.assemblyattributes.obj
f:\documents\visual studio 2017\projects\acm\clrbackend\x64\debug\.netframework,version=v4.0.assemblyattributes.asm
f:\documents\visual studio 2017\projects\acm\clrbackend\x64\debug\clrbackend.obj
f:\documents\visual studio 2017\projects\acm\x64\debug\clrbackend.dll
f:\documents\visual studio 2017\projects\acm\x64\debug\clrbackend.pdb
f:\documents\visual studio 2017\projects\acm\clrbackend\x64\debug\clrbackend.vcxprojresolveassemblyreference.cache
f:\documents\visual studio 2017\projects\acm\clrbackend\x64\debug\nativecodeanalysis.read.1.tlog
f:\documents\visual studio 2017\projects\acm\clrbackend\x64\debug\.netframework,version=v4.0.assemblyattributes.nativecodeanalysis.xml
f:\documents\visual studio 2017\projects\acm\clrbackend\x64\debug\backend.nativecodeanalysis.xml
f:\documents\visual studio 2017\projects\acm\clrbackend\x64\debug\clrbackend.nativecodeanalysis.xml
f:\documents\visual studio 2017\projects\acm\clrbackend\x64\debug\vc.nativecodeanalysis.all.xml
f:\documents\visual studio 2017\projects\acm\x64\debug\clrbackend.dll.codeanalysislog.xml
f:\documents\visual studio 2017\projects\acm\x64\debug\clrbackend.dll.lastcodeanalysissucceeded
f:\documents\visual studio 2017\projects\acm\clrbackend\x64\debug\clrbackend.tlog\cl.command.1.tlog
f:\documents\visual studio 2017\projects\acm\clrbackend\x64\debug\clrbackend.tlog\cl.read.1.tlog
f:\documents\visual studio 2017\projects\acm\clrbackend\x64\debug\clrbackend.tlog\cl.write.1.tlog
f:\documents\visual studio 2017\projects\acm\clrbackend\x64\debug\clrbackend.tlog\link.command.1.tlog
f:\documents\visual studio 2017\projects\acm\clrbackend\x64\debug\clrbackend.tlog\link.read.1.tlog
f:\documents\visual studio 2017\projects\acm\clrbackend\x64\debug\clrbackend.tlog\link.write.1.tlog
f:\documents\visual studio 2017\projects\acm\clrbackend\x64\debug\clrbackend.tlog\metagen.read.1.tlog
f:\documents\visual studio 2017\projects\acm\clrbackend\x64\debug\clrbackend.tlog\metagen.write.1.tlog
f:\documents\visual studio 2017\projects\acm\clrbackend\x64\debug\clrbackend.tlog\tzres.dll.bi
